<?xml version="1.0" encoding="UTF-8"?>
<!-- Generated by org.testng.reporters.JUnitXMLReporter -->
<testsuite ignored="0" hostname="LAPTOP-Q14IO4VP" failures="1" tests="15" name="Test" time="51.82" errors="0" timestamp="2022-08-02T16:37:33 BDT">
  <testcase classname="com.example.ridmikchat_pom.ProfileEditTest" name="profileBtn" time="0.938"/>
  <testcase classname="com.example.ridmikchat_pom.ProfileEditTest" name="DisplayedUserName" time="1.646">
    <failure type="org.openqa.selenium.StaleElementReferenceException" message="The element &amp;apos;By.id: name_text&amp;apos; is not linked to the same object in DOM anymore
For documentation on this error, please visit: https://selenium.dev/exceptions/#stale_element_reference
Build info: version: &amp;apos;4.3.0&amp;apos;, revision: &amp;apos;a4995e2c09*&amp;apos;
System info: host: &amp;apos;LAPTOP-Q14IO4VP&amp;apos;, ip: &amp;apos;192.168.1.57&amp;apos;, os.name: &amp;apos;Windows 10&amp;apos;, os.arch: &amp;apos;amd64&amp;apos;, os.version: &amp;apos;10.0&amp;apos;, java.version: &amp;apos;17.0.1&amp;apos;
Driver info: io.appium.java_client.AppiumDriver
Command: [b6d0fdd2-66a8-4de7-bc42-519aa4b68833, isElementDisplayed {id=00000000-0000-05f5-ffff-ffff00000146}]
Capabilities {appium:app: C:\Users\HP\IdeaProjects\Ri..., appium:appActivity: ridmik.one.ui.Conversations..., appium:appPackage: ridmik.one.debug, appium:automationName: UIAutomator2, appium:databaseEnabled: false, appium:desired: {app: C:\Users\HP\IdeaProjects\Ri..., appActivity: ridmik.one.ui.Conversations..., appPackage: ridmik.one.debug, automationName: UIAutomator2, deviceName: Pixel 6, noReset: true, platformName: android}, appium:deviceApiLevel: 32, appium:deviceManufacturer: Google, appium:deviceModel: Pixel 6, appium:deviceName: 1A031FDF6004RK, appium:deviceScreenDensity: 420, appium:deviceScreenSize: 1080x2400, appium:deviceUDID: 1A031FDF6004RK, appium:javascriptEnabled: true, appium:locationContextEnabled: false, appium:networkConnectionEnabled: true, appium:noReset: true, appium:pixelRatio: 2.625, appium:platformVersion: 12, appium:statBarHeight: 124, appium:takesScreenshot: true, appium:viewportRect: {height: 2116, left: 0, top: 124, width: 1080}, appium:warnings: {}, appium:webStorageEnabled: false, platformName: ANDROID}
Element: [[AppiumDriver:  on ANDROID (b6d0fdd2-66a8-4de7-bc42-519aa4b68833)] -&amp;gt; id: name_text]
Session ID: b6d0fdd2-66a8-4de7-bc42-519aa4b68833">
      <![CDATA[org.openqa.selenium.StaleElementReferenceException: The element 'By.id: name_text' is not linked to the same object in DOM anymore
For documentation on this error, please visit: https://selenium.dev/exceptions/#stale_element_reference
Build info: version: '4.3.0', revision: 'a4995e2c09*'
System info: host: 'LAPTOP-Q14IO4VP', ip: '192.168.1.57', os.name: 'Windows 10', os.arch: 'amd64', os.version: '10.0', java.version: '17.0.1'
Driver info: io.appium.java_client.AppiumDriver
Command: [b6d0fdd2-66a8-4de7-bc42-519aa4b68833, isElementDisplayed {id=00000000-0000-05f5-ffff-ffff00000146}]
Capabilities {appium:app: C:\Users\HP\IdeaProjects\Ri..., appium:appActivity: ridmik.one.ui.Conversations..., appium:appPackage: ridmik.one.debug, appium:automationName: UIAutomator2, appium:databaseEnabled: false, appium:desired: {app: C:\Users\HP\IdeaProjects\Ri..., appActivity: ridmik.one.ui.Conversations..., appPackage: ridmik.one.debug, automationName: UIAutomator2, deviceName: Pixel 6, noReset: true, platformName: android}, appium:deviceApiLevel: 32, appium:deviceManufacturer: Google, appium:deviceModel: Pixel 6, appium:deviceName: 1A031FDF6004RK, appium:deviceScreenDensity: 420, appium:deviceScreenSize: 1080x2400, appium:deviceUDID: 1A031FDF6004RK, appium:javascriptEnabled: true, appium:locationContextEnabled: false, appium:networkConnectionEnabled: true, appium:noReset: true, appium:pixelRatio: 2.625, appium:platformVersion: 12, appium:statBarHeight: 124, appium:takesScreenshot: true, appium:viewportRect: {height: 2116, left: 0, top: 124, width: 1080}, appium:warnings: {}, appium:webStorageEnabled: false, platformName: ANDROID}
Element: [[AppiumDriver:  on ANDROID (b6d0fdd2-66a8-4de7-bc42-519aa4b68833)] -> id: name_text]
Session ID: b6d0fdd2-66a8-4de7-bc42-519aa4b68833
at org.openqa.selenium.remote.codec.w3c.W3CHttpResponseCodec.createException(W3CHttpResponseCodec.java:200)
at org.openqa.selenium.remote.codec.w3c.W3CHttpResponseCodec.decode(W3CHttpResponseCodec.java:133)
at org.openqa.selenium.remote.codec.w3c.W3CHttpResponseCodec.decode(W3CHttpResponseCodec.java:53)
at org.openqa.selenium.remote.HttpCommandExecutor.execute(HttpCommandExecutor.java:184)
at io.appium.java_client.remote.AppiumCommandExecutor.execute(AppiumCommandExecutor.java:180)
at org.openqa.selenium.remote.RemoteWebDriver.execute(RemoteWebDriver.java:569)
at org.openqa.selenium.remote.RemoteWebElement.execute(RemoteWebElement.java:257)
at org.openqa.selenium.remote.RemoteWebElement.isDisplayed(RemoteWebElement.java:313)
at org.openqa.selenium.support.pagefactory.internal.LocatingElementHandler.invoke(LocatingElementHandler.java:52)
at jdk.proxy2/jdk.proxy2.$Proxy16.isDisplayed(Unknown Source)
at com.crm.qa.pages.ProfilePage.UserName(ProfilePage.java:91)
at com.example.ridmikchat_pom.ProfileEditTest.DisplayedUserName(ProfileEditTest.java:36)
at java.base/java.util.ArrayList.forEach(ArrayList.java:1511)
... Removed 36 stack frames]]>
    </failure>
  </testcase> <!-- DisplayedUserName -->
  <testcase classname="com.example.ridmikchat_pom.ProfileEditTest" name="profileEditBtnTest" time="0.21"/>
  <testcase classname="com.example.ridmikchat_pom.ProfileEditTest" name="workLabelTest" time="1.491"/>
  <testcase classname="com.example.ridmikchat_pom.ProfileEditTest" name="workInputTest" time="4.644"/>
  <testcase classname="com.example.ridmikchat_pom.ProfileEditTest" name="EduLabelTest" time="1.155"/>
  <testcase classname="com.example.ridmikchat_pom.ProfileEditTest" name="EduInputTest" time="4.57"/>
  <testcase classname="com.example.ridmikchat_pom.ProfileEditTest" name="LivingInLabelTest" time="1.209"/>
  <testcase classname="com.example.ridmikchat_pom.ProfileEditTest" name="LivingInputTest" time="4.597"/>
  <testcase classname="com.example.ridmikchat_pom.ProfileEditTest" name="AboutLabelTest" time="1.174"/>
  <testcase classname="com.example.ridmikchat_pom.ProfileEditTest" name="AboutYouInputTest" time="4.308"/>
  <testcase classname="com.example.ridmikchat_pom.ProfileImageTest" name="UserProfileImageTest" time="7.983"/>
  <testcase classname="com.example.ridmikchat_pom.FeedTest" name="ExploreBtn" time="0.16"/>
  <testcase classname="com.example.ridmikchat_pom.FeedTest" name="FeedClickTest" time="1.524"/>
  <testcase classname="com.example.ridmikchat_pom.FeedTest" name="GalleryImageTest" time="6.16"/>
</testsuite> <!-- Test -->
