<?xml version="1.0" encoding="UTF-8"?>
<!-- Generated by org.testng.reporters.JUnitXMLReporter -->
<testsuite ignored="0" hostname="LAPTOP-Q14IO4VP" failures="3" tests="15" name="Test" time="48.775" errors="0" timestamp="2022-08-04T14:41:05 BDT">
  <testcase classname="com.example.ridmikchat_pom.ProfileEditTest" name="@AfterTest teardown" time="0.001">
    <failure type="org.openqa.selenium.NoSuchSessionException" message="Session ID is null. Using WebDriver after calling quit()?
Build info: version: &amp;apos;4.3.0&amp;apos;, revision: &amp;apos;a4995e2c09*&amp;apos;
System info: host: &amp;apos;LAPTOP-Q14IO4VP&amp;apos;, ip: &amp;apos;192.168.1.57&amp;apos;, os.name: &amp;apos;Windows 10&amp;apos;, os.arch: &amp;apos;amd64&amp;apos;, os.version: &amp;apos;10.0&amp;apos;, java.version: &amp;apos;17.0.1&amp;apos;
Driver info: io.appium.java_client.AppiumDriver
Command: [null, setTimeout {implicit=40000}]
Capabilities {appium:app: C:\Users\HP\IdeaProjects\Ri..., appium:appActivity: ridmik.one.ui.Conversations..., appium:appPackage: ridmik.one.debug, appium:automationName: UIAutomator2, appium:databaseEnabled: false, appium:desired: {app: C:\Users\HP\IdeaProjects\Ri..., appActivity: ridmik.one.ui.Conversations..., appPackage: ridmik.one.debug, automationName: UIAutomator2, deviceName: Pixel 6, noReset: true, platformName: android}, appium:deviceApiLevel: 32, appium:deviceManufacturer: Google, appium:deviceModel: Pixel 6, appium:deviceName: 1A031FDF6004RK, appium:deviceScreenDensity: 420, appium:deviceScreenSize: 1080x2400, appium:deviceUDID: 1A031FDF6004RK, appium:javascriptEnabled: true, appium:locationContextEnabled: false, appium:networkConnectionEnabled: true, appium:noReset: true, appium:pixelRatio: 2.625, appium:platformVersion: 12, appium:statBarHeight: 124, appium:takesScreenshot: true, appium:viewportRect: {height: 2116, left: 0, top: 124, width: 1080}, appium:warnings: {}, appium:webStorageEnabled: false, platformName: ANDROID}">
      <![CDATA[org.openqa.selenium.NoSuchSessionException: Session ID is null. Using WebDriver after calling quit()?
Build info: version: '4.3.0', revision: 'a4995e2c09*'
System info: host: 'LAPTOP-Q14IO4VP', ip: '192.168.1.57', os.name: 'Windows 10', os.arch: 'amd64', os.version: '10.0', java.version: '17.0.1'
Driver info: io.appium.java_client.AppiumDriver
Command: [null, setTimeout {implicit=40000}]
Capabilities {appium:app: C:\Users\HP\IdeaProjects\Ri..., appium:appActivity: ridmik.one.ui.Conversations..., appium:appPackage: ridmik.one.debug, appium:automationName: UIAutomator2, appium:databaseEnabled: false, appium:desired: {app: C:\Users\HP\IdeaProjects\Ri..., appActivity: ridmik.one.ui.Conversations..., appPackage: ridmik.one.debug, automationName: UIAutomator2, deviceName: Pixel 6, noReset: true, platformName: android}, appium:deviceApiLevel: 32, appium:deviceManufacturer: Google, appium:deviceModel: Pixel 6, appium:deviceName: 1A031FDF6004RK, appium:deviceScreenDensity: 420, appium:deviceScreenSize: 1080x2400, appium:deviceUDID: 1A031FDF6004RK, appium:javascriptEnabled: true, appium:locationContextEnabled: false, appium:networkConnectionEnabled: true, appium:noReset: true, appium:pixelRatio: 2.625, appium:platformVersion: 12, appium:statBarHeight: 124, appium:takesScreenshot: true, appium:viewportRect: {height: 2116, left: 0, top: 124, width: 1080}, appium:warnings: {}, appium:webStorageEnabled: false, platformName: ANDROID}
at org.openqa.selenium.remote.HttpCommandExecutor.execute(HttpCommandExecutor.java:145)
at io.appium.java_client.remote.AppiumCommandExecutor.execute(AppiumCommandExecutor.java:180)
at org.openqa.selenium.remote.RemoteWebDriver.execute(RemoteWebDriver.java:569)
at org.openqa.selenium.remote.RemoteWebDriver$RemoteWebDriverOptions$RemoteTimeouts.implicitlyWait(RemoteWebDriver.java:927)
at com.example.ridmikchat_pom.ProfileEditTest.teardown(ProfileEditTest.java:230)
... Removed 24 stack frames]]>
    </failure>
  </testcase> <!-- @AfterTest teardown -->
  <testcase classname="com.example.ridmikchat_pom.ProfileEditTest" name="profileBtn" time="1.045"/>
  <testcase classname="com.example.ridmikchat_pom.ProfileEditTest" name="DisplayedUserName" time="2.442"/>
  <testcase classname="com.example.ridmikchat_pom.ProfileEditTest" name="profileEditBtnTest" time="0.232"/>
  <testcase classname="com.example.ridmikchat_pom.ProfileEditTest" name="workLabelTest" time="1.635"/>
  <testcase classname="com.example.ridmikchat_pom.ProfileEditTest" name="workInputTest" time="4.542"/>
  <testcase classname="com.example.ridmikchat_pom.ProfileEditTest" name="EduLabelTest" time="1.12"/>
  <testcase classname="com.example.ridmikchat_pom.ProfileEditTest" name="EduInputTest" time="4.564"/>
  <testcase classname="com.example.ridmikchat_pom.ProfileEditTest" name="LivingInLabelTest" time="1.153"/>
  <testcase classname="com.example.ridmikchat_pom.ProfileEditTest" name="LivingInputTest" time="4.576"/>
  <testcase classname="com.example.ridmikchat_pom.ProfileEditTest" name="AboutLabelTest" time="1.158"/>
  <testcase classname="com.example.ridmikchat_pom.ProfileEditTest" name="AboutYouInputTest" time="5.316"/>
  <testcase classname="com.example.ridmikchat_pom.ProfileImageTest" name="UserProfileImageTest" time="8.396"/>
  <testcase classname="com.example.ridmikchat_pom.FeedTest" name="ExploreBtn" time="0.01">
    <failure type="org.openqa.selenium.NoSuchSessionException" message="Session ID is null. Using WebDriver after calling quit()?
Build info: version: &amp;apos;4.3.0&amp;apos;, revision: &amp;apos;a4995e2c09*&amp;apos;
System info: host: &amp;apos;LAPTOP-Q14IO4VP&amp;apos;, ip: &amp;apos;192.168.1.57&amp;apos;, os.name: &amp;apos;Windows 10&amp;apos;, os.arch: &amp;apos;amd64&amp;apos;, os.version: &amp;apos;10.0&amp;apos;, java.version: &amp;apos;17.0.1&amp;apos;
Driver info: io.appium.java_client.AppiumDriver
Command: [null, findElement {using=id, value=explore_button}]
Capabilities {appium:app: C:\Users\HP\IdeaProjects\Ri..., appium:appActivity: ridmik.one.ui.Conversations..., appium:appPackage: ridmik.one.debug, appium:automationName: UIAutomator2, appium:databaseEnabled: false, appium:desired: {app: C:\Users\HP\IdeaProjects\Ri..., appActivity: ridmik.one.ui.Conversations..., appPackage: ridmik.one.debug, automationName: UIAutomator2, deviceName: Pixel 6, noReset: true, platformName: android}, appium:deviceApiLevel: 32, appium:deviceManufacturer: Google, appium:deviceModel: Pixel 6, appium:deviceName: 1A031FDF6004RK, appium:deviceScreenDensity: 420, appium:deviceScreenSize: 1080x2400, appium:deviceUDID: 1A031FDF6004RK, appium:javascriptEnabled: true, appium:locationContextEnabled: false, appium:networkConnectionEnabled: true, appium:noReset: true, appium:pixelRatio: 2.625, appium:platformVersion: 12, appium:statBarHeight: 124, appium:takesScreenshot: true, appium:viewportRect: {height: 2116, left: 0, top: 124, width: 1080}, appium:warnings: {}, appium:webStorageEnabled: false, platformName: ANDROID}">
      <![CDATA[org.openqa.selenium.NoSuchSessionException: Session ID is null. Using WebDriver after calling quit()?
Build info: version: '4.3.0', revision: 'a4995e2c09*'
System info: host: 'LAPTOP-Q14IO4VP', ip: '192.168.1.57', os.name: 'Windows 10', os.arch: 'amd64', os.version: '10.0', java.version: '17.0.1'
Driver info: io.appium.java_client.AppiumDriver
Command: [null, findElement {using=id, value=explore_button}]
Capabilities {appium:app: C:\Users\HP\IdeaProjects\Ri..., appium:appActivity: ridmik.one.ui.Conversations..., appium:appPackage: ridmik.one.debug, appium:automationName: UIAutomator2, appium:databaseEnabled: false, appium:desired: {app: C:\Users\HP\IdeaProjects\Ri..., appActivity: ridmik.one.ui.Conversations..., appPackage: ridmik.one.debug, automationName: UIAutomator2, deviceName: Pixel 6, noReset: true, platformName: android}, appium:deviceApiLevel: 32, appium:deviceManufacturer: Google, appium:deviceModel: Pixel 6, appium:deviceName: 1A031FDF6004RK, appium:deviceScreenDensity: 420, appium:deviceScreenSize: 1080x2400, appium:deviceUDID: 1A031FDF6004RK, appium:javascriptEnabled: true, appium:locationContextEnabled: false, appium:networkConnectionEnabled: true, appium:noReset: true, appium:pixelRatio: 2.625, appium:platformVersion: 12, appium:statBarHeight: 124, appium:takesScreenshot: true, appium:viewportRect: {height: 2116, left: 0, top: 124, width: 1080}, appium:warnings: {}, appium:webStorageEnabled: false, platformName: ANDROID}
at org.openqa.selenium.remote.HttpCommandExecutor.execute(HttpCommandExecutor.java:145)
at io.appium.java_client.remote.AppiumCommandExecutor.execute(AppiumCommandExecutor.java:180)
at org.openqa.selenium.remote.RemoteWebDriver.execute(RemoteWebDriver.java:569)
at org.openqa.selenium.remote.ElementLocation$ElementFinder$2.findElement(ElementLocation.java:162)
at org.openqa.selenium.remote.ElementLocation.findElement(ElementLocation.java:60)
at org.openqa.selenium.remote.RemoteWebDriver.findElement(RemoteWebDriver.java:387)
at org.openqa.selenium.remote.RemoteWebDriver.findElement(RemoteWebDriver.java:379)
at org.openqa.selenium.support.pagefactory.DefaultElementLocator.findElement(DefaultElementLocator.java:70)
at org.openqa.selenium.support.pagefactory.internal.LocatingElementHandler.invoke(LocatingElementHandler.java:39)
at jdk.proxy2/jdk.proxy2.$Proxy17.click(Unknown Source)
at com.crm.qa.pages.ExploreFeed.ValidateExploreBtn(ExploreFeed.java:32)
at com.example.ridmikchat_pom.FeedTest.ExploreBtn(FeedTest.java:24)
at java.base/java.util.ArrayList.forEach(ArrayList.java:1511)
... Removed 27 stack frames]]>
    </failure>
  </testcase> <!-- ExploreBtn -->
  <testcase classname="com.example.ridmikchat_pom.FeedTest" name="FeedClickTest" time="0.003">
    <failure type="org.openqa.selenium.NoSuchSessionException" message="Session ID is null. Using WebDriver after calling quit()?
Build info: version: &amp;apos;4.3.0&amp;apos;, revision: &amp;apos;a4995e2c09*&amp;apos;
System info: host: &amp;apos;LAPTOP-Q14IO4VP&amp;apos;, ip: &amp;apos;192.168.1.57&amp;apos;, os.name: &amp;apos;Windows 10&amp;apos;, os.arch: &amp;apos;amd64&amp;apos;, os.version: &amp;apos;10.0&amp;apos;, java.version: &amp;apos;17.0.1&amp;apos;
Driver info: io.appium.java_client.AppiumDriver
Command: [null, findElement {using=xpath, value=//android.view.ViewGroup/androidx.recyclerview.widget.RecyclerView/android.view.ViewGroup[2]/android.widget.TextView[2]}]
Capabilities {appium:app: C:\Users\HP\IdeaProjects\Ri..., appium:appActivity: ridmik.one.ui.Conversations..., appium:appPackage: ridmik.one.debug, appium:automationName: UIAutomator2, appium:databaseEnabled: false, appium:desired: {app: C:\Users\HP\IdeaProjects\Ri..., appActivity: ridmik.one.ui.Conversations..., appPackage: ridmik.one.debug, automationName: UIAutomator2, deviceName: Pixel 6, noReset: true, platformName: android}, appium:deviceApiLevel: 32, appium:deviceManufacturer: Google, appium:deviceModel: Pixel 6, appium:deviceName: 1A031FDF6004RK, appium:deviceScreenDensity: 420, appium:deviceScreenSize: 1080x2400, appium:deviceUDID: 1A031FDF6004RK, appium:javascriptEnabled: true, appium:locationContextEnabled: false, appium:networkConnectionEnabled: true, appium:noReset: true, appium:pixelRatio: 2.625, appium:platformVersion: 12, appium:statBarHeight: 124, appium:takesScreenshot: true, appium:viewportRect: {height: 2116, left: 0, top: 124, width: 1080}, appium:warnings: {}, appium:webStorageEnabled: false, platformName: ANDROID}">
      <![CDATA[org.openqa.selenium.NoSuchSessionException: Session ID is null. Using WebDriver after calling quit()?
Build info: version: '4.3.0', revision: 'a4995e2c09*'
System info: host: 'LAPTOP-Q14IO4VP', ip: '192.168.1.57', os.name: 'Windows 10', os.arch: 'amd64', os.version: '10.0', java.version: '17.0.1'
Driver info: io.appium.java_client.AppiumDriver
Command: [null, findElement {using=xpath, value=//android.view.ViewGroup/androidx.recyclerview.widget.RecyclerView/android.view.ViewGroup[2]/android.widget.TextView[2]}]
Capabilities {appium:app: C:\Users\HP\IdeaProjects\Ri..., appium:appActivity: ridmik.one.ui.Conversations..., appium:appPackage: ridmik.one.debug, appium:automationName: UIAutomator2, appium:databaseEnabled: false, appium:desired: {app: C:\Users\HP\IdeaProjects\Ri..., appActivity: ridmik.one.ui.Conversations..., appPackage: ridmik.one.debug, automationName: UIAutomator2, deviceName: Pixel 6, noReset: true, platformName: android}, appium:deviceApiLevel: 32, appium:deviceManufacturer: Google, appium:deviceModel: Pixel 6, appium:deviceName: 1A031FDF6004RK, appium:deviceScreenDensity: 420, appium:deviceScreenSize: 1080x2400, appium:deviceUDID: 1A031FDF6004RK, appium:javascriptEnabled: true, appium:locationContextEnabled: false, appium:networkConnectionEnabled: true, appium:noReset: true, appium:pixelRatio: 2.625, appium:platformVersion: 12, appium:statBarHeight: 124, appium:takesScreenshot: true, appium:viewportRect: {height: 2116, left: 0, top: 124, width: 1080}, appium:warnings: {}, appium:webStorageEnabled: false, platformName: ANDROID}
at org.openqa.selenium.remote.HttpCommandExecutor.execute(HttpCommandExecutor.java:145)
at io.appium.java_client.remote.AppiumCommandExecutor.execute(AppiumCommandExecutor.java:180)
at org.openqa.selenium.remote.RemoteWebDriver.execute(RemoteWebDriver.java:569)
at org.openqa.selenium.remote.ElementLocation$ElementFinder$2.findElement(ElementLocation.java:162)
at org.openqa.selenium.remote.ElementLocation.findElement(ElementLocation.java:60)
at org.openqa.selenium.remote.RemoteWebDriver.findElement(RemoteWebDriver.java:387)
at org.openqa.selenium.remote.RemoteWebDriver.findElement(RemoteWebDriver.java:379)
at org.openqa.selenium.support.pagefactory.DefaultElementLocator.findElement(DefaultElementLocator.java:70)
at org.openqa.selenium.support.pagefactory.internal.LocatingElementHandler.invoke(LocatingElementHandler.java:39)
at jdk.proxy2/jdk.proxy2.$Proxy17.click(Unknown Source)
at com.crm.qa.pages.ExploreFeed.FeedClickBtn(ExploreFeed.java:40)
at com.example.ridmikchat_pom.FeedTest.FeedClickTest(FeedTest.java:29)
at java.base/java.util.ArrayList.forEach(ArrayList.java:1511)
... Removed 27 stack frames]]>
    </failure>
  </testcase> <!-- FeedClickTest -->
  <testcase classname="com.example.ridmikchat_pom.FeedTest" name="GalleryImageTest" time="0.003">
    <failure type="org.openqa.selenium.NoSuchSessionException" message="Session ID is null. Using WebDriver after calling quit()?
Build info: version: &amp;apos;4.3.0&amp;apos;, revision: &amp;apos;a4995e2c09*&amp;apos;
System info: host: &amp;apos;LAPTOP-Q14IO4VP&amp;apos;, ip: &amp;apos;192.168.1.57&amp;apos;, os.name: &amp;apos;Windows 10&amp;apos;, os.arch: &amp;apos;amd64&amp;apos;, os.version: &amp;apos;10.0&amp;apos;, java.version: &amp;apos;17.0.1&amp;apos;
Driver info: io.appium.java_client.AppiumDriver
Command: [null, findElement {using=id, value=gallery}]
Capabilities {appium:app: C:\Users\HP\IdeaProjects\Ri..., appium:appActivity: ridmik.one.ui.Conversations..., appium:appPackage: ridmik.one.debug, appium:automationName: UIAutomator2, appium:databaseEnabled: false, appium:desired: {app: C:\Users\HP\IdeaProjects\Ri..., appActivity: ridmik.one.ui.Conversations..., appPackage: ridmik.one.debug, automationName: UIAutomator2, deviceName: Pixel 6, noReset: true, platformName: android}, appium:deviceApiLevel: 32, appium:deviceManufacturer: Google, appium:deviceModel: Pixel 6, appium:deviceName: 1A031FDF6004RK, appium:deviceScreenDensity: 420, appium:deviceScreenSize: 1080x2400, appium:deviceUDID: 1A031FDF6004RK, appium:javascriptEnabled: true, appium:locationContextEnabled: false, appium:networkConnectionEnabled: true, appium:noReset: true, appium:pixelRatio: 2.625, appium:platformVersion: 12, appium:statBarHeight: 124, appium:takesScreenshot: true, appium:viewportRect: {height: 2116, left: 0, top: 124, width: 1080}, appium:warnings: {}, appium:webStorageEnabled: false, platformName: ANDROID}">
      <![CDATA[org.openqa.selenium.NoSuchSessionException: Session ID is null. Using WebDriver after calling quit()?
Build info: version: '4.3.0', revision: 'a4995e2c09*'
System info: host: 'LAPTOP-Q14IO4VP', ip: '192.168.1.57', os.name: 'Windows 10', os.arch: 'amd64', os.version: '10.0', java.version: '17.0.1'
Driver info: io.appium.java_client.AppiumDriver
Command: [null, findElement {using=id, value=gallery}]
Capabilities {appium:app: C:\Users\HP\IdeaProjects\Ri..., appium:appActivity: ridmik.one.ui.Conversations..., appium:appPackage: ridmik.one.debug, appium:automationName: UIAutomator2, appium:databaseEnabled: false, appium:desired: {app: C:\Users\HP\IdeaProjects\Ri..., appActivity: ridmik.one.ui.Conversations..., appPackage: ridmik.one.debug, automationName: UIAutomator2, deviceName: Pixel 6, noReset: true, platformName: android}, appium:deviceApiLevel: 32, appium:deviceManufacturer: Google, appium:deviceModel: Pixel 6, appium:deviceName: 1A031FDF6004RK, appium:deviceScreenDensity: 420, appium:deviceScreenSize: 1080x2400, appium:deviceUDID: 1A031FDF6004RK, appium:javascriptEnabled: true, appium:locationContextEnabled: false, appium:networkConnectionEnabled: true, appium:noReset: true, appium:pixelRatio: 2.625, appium:platformVersion: 12, appium:statBarHeight: 124, appium:takesScreenshot: true, appium:viewportRect: {height: 2116, left: 0, top: 124, width: 1080}, appium:warnings: {}, appium:webStorageEnabled: false, platformName: ANDROID}
at org.openqa.selenium.remote.HttpCommandExecutor.execute(HttpCommandExecutor.java:145)
at io.appium.java_client.remote.AppiumCommandExecutor.execute(AppiumCommandExecutor.java:180)
at org.openqa.selenium.remote.RemoteWebDriver.execute(RemoteWebDriver.java:569)
at org.openqa.selenium.remote.ElementLocation$ElementFinder$2.findElement(ElementLocation.java:162)
at org.openqa.selenium.remote.ElementLocation.findElement(ElementLocation.java:60)
at org.openqa.selenium.remote.RemoteWebDriver.findElement(RemoteWebDriver.java:387)
at org.openqa.selenium.remote.RemoteWebDriver.findElement(RemoteWebDriver.java:379)
at org.openqa.selenium.support.pagefactory.DefaultElementLocator.findElement(DefaultElementLocator.java:70)
at org.openqa.selenium.support.pagefactory.internal.LocatingElementHandler.invoke(LocatingElementHandler.java:39)
at jdk.proxy2/jdk.proxy2.$Proxy17.click(Unknown Source)
at com.crm.qa.pages.ExploreFeed.GalleryBtnClick(ExploreFeed.java:44)
at com.example.ridmikchat_pom.FeedTest.GalleryImageTest(FeedTest.java:34)
at java.base/java.util.ArrayList.forEach(ArrayList.java:1511)
... Removed 27 stack frames]]>
    </failure>
  </testcase> <!-- GalleryImageTest -->
</testsuite> <!-- Test -->
