<?xml version="1.0" encoding="UTF-8"?>
<testng-results ignored="0" total="15" passed="14" failed="1" skipped="0">
  <reporter-output>
  </reporter-output>
  <suite started-at="2022-08-02T16:36:41 BDT" name="Suite" finished-at="2022-08-02T16:37:33 BDT" duration-ms="51820">
    <groups>
    </groups>
    <test started-at="2022-08-02T16:36:41 BDT" name="Test" finished-at="2022-08-02T16:37:33 BDT" duration-ms="51820">
      <class name="com.example.ridmikchat_pom.ProfileImageTest">
        <test-method is-config="true" signature="setup()[pri:0, instance:com.example.ridmikchat_pom.ProfileImageTest@353efdbf]" started-at="2022-08-02T16:36:41 BDT" name="setup" finished-at="2022-08-02T16:36:50 BDT" duration-ms="9366" status="PASS">
          <reporter-output>
          </reporter-output>
        </test-method> <!-- setup -->
        <test-method signature="UserProfileImageTest()[pri:1, instance:com.example.ridmikchat_pom.ProfileImageTest@353efdbf]" started-at="2022-08-02T16:37:16 BDT" name="UserProfileImageTest" finished-at="2022-08-02T16:37:24 BDT" duration-ms="7983" status="PASS">
          <reporter-output>
          </reporter-output>
        </test-method> <!-- UserProfileImageTest -->
        <test-method is-config="true" signature="teardown()[pri:0, instance:com.example.ridmikchat_pom.ProfileImageTest@353efdbf]" started-at="2022-08-02T16:37:33 BDT" name="teardown" finished-at="2022-08-02T16:37:33 BDT" duration-ms="0" status="PASS">
          <reporter-output>
          </reporter-output>
        </test-method> <!-- teardown -->
      </class> <!-- com.example.ridmikchat_pom.ProfileImageTest -->
      <class name="com.example.ridmikchat_pom.FeedTest">
        <test-method is-config="true" signature="setup()[pri:0, instance:com.example.ridmikchat_pom.FeedTest@55cff952]" started-at="2022-08-02T16:37:24 BDT" name="setup" finished-at="2022-08-02T16:37:24 BDT" duration-ms="5" status="PASS">
          <reporter-output>
          </reporter-output>
        </test-method> <!-- setup -->
        <test-method signature="ExploreBtn()[pri:1, instance:com.example.ridmikchat_pom.FeedTest@55cff952]" started-at="2022-08-02T16:37:24 BDT" name="ExploreBtn" finished-at="2022-08-02T16:37:24 BDT" duration-ms="160" status="PASS">
          <reporter-output>
          </reporter-output>
        </test-method> <!-- ExploreBtn -->
        <test-method is-config="true" signature="setup()[pri:0, instance:com.example.ridmikchat_pom.FeedTest@55cff952]" started-at="2022-08-02T16:37:24 BDT" name="setup" finished-at="2022-08-02T16:37:24 BDT" duration-ms="1" status="PASS">
          <reporter-output>
          </reporter-output>
        </test-method> <!-- setup -->
        <test-method signature="FeedClickTest()[pri:2, instance:com.example.ridmikchat_pom.FeedTest@55cff952]" started-at="2022-08-02T16:37:24 BDT" name="FeedClickTest" finished-at="2022-08-02T16:37:26 BDT" duration-ms="1524" status="PASS">
          <reporter-output>
          </reporter-output>
        </test-method> <!-- FeedClickTest -->
        <test-method is-config="true" signature="setup()[pri:0, instance:com.example.ridmikchat_pom.FeedTest@55cff952]" started-at="2022-08-02T16:37:26 BDT" name="setup" finished-at="2022-08-02T16:37:26 BDT" duration-ms="2" status="PASS">
          <reporter-output>
          </reporter-output>
        </test-method> <!-- setup -->
        <test-method signature="GalleryImageTest()[pri:3, instance:com.example.ridmikchat_pom.FeedTest@55cff952]" started-at="2022-08-02T16:37:26 BDT" name="GalleryImageTest" finished-at="2022-08-02T16:37:32 BDT" duration-ms="6160" status="PASS">
          <reporter-output>
          </reporter-output>
        </test-method> <!-- GalleryImageTest -->
        <test-method is-config="true" signature="teardown()[pri:0, instance:com.example.ridmikchat_pom.FeedTest@55cff952]" started-at="2022-08-02T16:37:32 BDT" name="teardown" finished-at="2022-08-02T16:37:33 BDT" duration-ms="377" status="PASS">
          <reporter-output>
          </reporter-output>
        </test-method> <!-- teardown -->
      </class> <!-- com.example.ridmikchat_pom.FeedTest -->
      <class name="com.example.ridmikchat_pom.ProfileEditTest">
        <test-method is-config="true" signature="setup()[pri:0, instance:com.example.ridmikchat_pom.ProfileEditTest@415156bf]" started-at="2022-08-02T16:36:50 BDT" name="setup" finished-at="2022-08-02T16:36:50 BDT" duration-ms="2" status="PASS">
          <reporter-output>
          </reporter-output>
        </test-method> <!-- setup -->
        <test-method signature="profileBtn()[pri:1, instance:com.example.ridmikchat_pom.ProfileEditTest@415156bf]" started-at="2022-08-02T16:36:50 BDT" name="profileBtn" finished-at="2022-08-02T16:36:51 BDT" duration-ms="938" status="PASS">
          <reporter-output>
          </reporter-output>
        </test-method> <!-- profileBtn -->
        <test-method is-config="true" signature="setup()[pri:0, instance:com.example.ridmikchat_pom.ProfileEditTest@415156bf]" started-at="2022-08-02T16:36:51 BDT" name="setup" finished-at="2022-08-02T16:36:51 BDT" duration-ms="8" status="PASS">
          <reporter-output>
          </reporter-output>
        </test-method> <!-- setup -->
        <test-method signature="DisplayedUserName()[pri:2, instance:com.example.ridmikchat_pom.ProfileEditTest@415156bf]" started-at="2022-08-02T16:36:51 BDT" name="DisplayedUserName" finished-at="2022-08-02T16:36:53 BDT" duration-ms="1646" status="FAIL">
          <exception class="org.openqa.selenium.StaleElementReferenceException">
            <message>
              <![CDATA[The element 'By.id: name_text' is not linked to the same object in DOM anymore
For documentation on this error, please visit: https://selenium.dev/exceptions/#stale_element_reference
Build info: version: '4.3.0', revision: 'a4995e2c09*'
System info: host: 'LAPTOP-Q14IO4VP', ip: '192.168.1.57', os.name: 'Windows 10', os.arch: 'amd64', os.version: '10.0', java.version: '17.0.1'
Driver info: io.appium.java_client.AppiumDriver
Command: [b6d0fdd2-66a8-4de7-bc42-519aa4b68833, isElementDisplayed {id=00000000-0000-05f5-ffff-ffff00000146}]
Capabilities {appium:app: C:\Users\HP\IdeaProjects\Ri..., appium:appActivity: ridmik.one.ui.Conversations..., appium:appPackage: ridmik.one.debug, appium:automationName: UIAutomator2, appium:databaseEnabled: false, appium:desired: {app: C:\Users\HP\IdeaProjects\Ri..., appActivity: ridmik.one.ui.Conversations..., appPackage: ridmik.one.debug, automationName: UIAutomator2, deviceName: Pixel 6, noReset: true, platformName: android}, appium:deviceApiLevel: 32, appium:deviceManufacturer: Google, appium:deviceModel: Pixel 6, appium:deviceName: 1A031FDF6004RK, appium:deviceScreenDensity: 420, appium:deviceScreenSize: 1080x2400, appium:deviceUDID: 1A031FDF6004RK, appium:javascriptEnabled: true, appium:locationContextEnabled: false, appium:networkConnectionEnabled: true, appium:noReset: true, appium:pixelRatio: 2.625, appium:platformVersion: 12, appium:statBarHeight: 124, appium:takesScreenshot: true, appium:viewportRect: {height: 2116, left: 0, top: 124, width: 1080}, appium:warnings: {}, appium:webStorageEnabled: false, platformName: ANDROID}
Element: [[AppiumDriver:  on ANDROID (b6d0fdd2-66a8-4de7-bc42-519aa4b68833)] -> id: name_text]
Session ID: b6d0fdd2-66a8-4de7-bc42-519aa4b68833]]>
            </message>
            <full-stacktrace>
              <![CDATA[org.openqa.selenium.StaleElementReferenceException: The element 'By.id: name_text' is not linked to the same object in DOM anymore
For documentation on this error, please visit: https://selenium.dev/exceptions/#stale_element_reference
Build info: version: '4.3.0', revision: 'a4995e2c09*'
System info: host: 'LAPTOP-Q14IO4VP', ip: '192.168.1.57', os.name: 'Windows 10', os.arch: 'amd64', os.version: '10.0', java.version: '17.0.1'
Driver info: io.appium.java_client.AppiumDriver
Command: [b6d0fdd2-66a8-4de7-bc42-519aa4b68833, isElementDisplayed {id=00000000-0000-05f5-ffff-ffff00000146}]
Capabilities {appium:app: C:\Users\HP\IdeaProjects\Ri..., appium:appActivity: ridmik.one.ui.Conversations..., appium:appPackage: ridmik.one.debug, appium:automationName: UIAutomator2, appium:databaseEnabled: false, appium:desired: {app: C:\Users\HP\IdeaProjects\Ri..., appActivity: ridmik.one.ui.Conversations..., appPackage: ridmik.one.debug, automationName: UIAutomator2, deviceName: Pixel 6, noReset: true, platformName: android}, appium:deviceApiLevel: 32, appium:deviceManufacturer: Google, appium:deviceModel: Pixel 6, appium:deviceName: 1A031FDF6004RK, appium:deviceScreenDensity: 420, appium:deviceScreenSize: 1080x2400, appium:deviceUDID: 1A031FDF6004RK, appium:javascriptEnabled: true, appium:locationContextEnabled: false, appium:networkConnectionEnabled: true, appium:noReset: true, appium:pixelRatio: 2.625, appium:platformVersion: 12, appium:statBarHeight: 124, appium:takesScreenshot: true, appium:viewportRect: {height: 2116, left: 0, top: 124, width: 1080}, appium:warnings: {}, appium:webStorageEnabled: false, platformName: ANDROID}
Element: [[AppiumDriver:  on ANDROID (b6d0fdd2-66a8-4de7-bc42-519aa4b68833)] -> id: name_text]
Session ID: b6d0fdd2-66a8-4de7-bc42-519aa4b68833
at java.base/jdk.internal.reflect.NativeConstructorAccessorImpl.newInstance0(Native Method)
at java.base/jdk.internal.reflect.NativeConstructorAccessorImpl.newInstance(NativeConstructorAccessorImpl.java:77)
at java.base/jdk.internal.reflect.DelegatingConstructorAccessorImpl.newInstance(DelegatingConstructorAccessorImpl.java:45)
at java.base/java.lang.reflect.Constructor.newInstanceWithCaller(Constructor.java:499)
at java.base/java.lang.reflect.Constructor.newInstance(Constructor.java:480)
at org.openqa.selenium.remote.codec.w3c.W3CHttpResponseCodec.createException(W3CHttpResponseCodec.java:200)
at org.openqa.selenium.remote.codec.w3c.W3CHttpResponseCodec.decode(W3CHttpResponseCodec.java:133)
at org.openqa.selenium.remote.codec.w3c.W3CHttpResponseCodec.decode(W3CHttpResponseCodec.java:53)
at org.openqa.selenium.remote.HttpCommandExecutor.execute(HttpCommandExecutor.java:184)
at io.appium.java_client.remote.AppiumCommandExecutor.execute(AppiumCommandExecutor.java:180)
at org.openqa.selenium.remote.RemoteWebDriver.execute(RemoteWebDriver.java:569)
at org.openqa.selenium.remote.RemoteWebElement.execute(RemoteWebElement.java:257)
at org.openqa.selenium.remote.RemoteWebElement.isDisplayed(RemoteWebElement.java:313)
at java.base/jdk.internal.reflect.NativeMethodAccessorImpl.invoke0(Native Method)
at java.base/jdk.internal.reflect.NativeMethodAccessorImpl.invoke(NativeMethodAccessorImpl.java:77)
at java.base/jdk.internal.reflect.DelegatingMethodAccessorImpl.invoke(DelegatingMethodAccessorImpl.java:43)
at java.base/java.lang.reflect.Method.invoke(Method.java:568)
at org.openqa.selenium.support.pagefactory.internal.LocatingElementHandler.invoke(LocatingElementHandler.java:52)
at jdk.proxy2/jdk.proxy2.$Proxy16.isDisplayed(Unknown Source)
at com.crm.qa.pages.ProfilePage.UserName(ProfilePage.java:91)
at com.example.ridmikchat_pom.ProfileEditTest.DisplayedUserName(ProfileEditTest.java:36)
at java.base/jdk.internal.reflect.NativeMethodAccessorImpl.invoke0(Native Method)
at java.base/jdk.internal.reflect.NativeMethodAccessorImpl.invoke(NativeMethodAccessorImpl.java:77)
at java.base/jdk.internal.reflect.DelegatingMethodAccessorImpl.invoke(DelegatingMethodAccessorImpl.java:43)
at java.base/java.lang.reflect.Method.invoke(Method.java:568)
at org.testng.internal.invokers.MethodInvocationHelper.invokeMethod(MethodInvocationHelper.java:139)
at org.testng.internal.invokers.TestInvoker.invokeMethod(TestInvoker.java:677)
at org.testng.internal.invokers.TestInvoker.invokeTestMethod(TestInvoker.java:221)
at org.testng.internal.invokers.MethodRunner.runInSequence(MethodRunner.java:50)
at org.testng.internal.invokers.TestInvoker$MethodInvocationAgent.invoke(TestInvoker.java:962)
at org.testng.internal.invokers.TestInvoker.invokeTestMethods(TestInvoker.java:194)
at org.testng.internal.invokers.TestMethodWorker.invokeTestMethods(TestMethodWorker.java:148)
at org.testng.internal.invokers.TestMethodWorker.run(TestMethodWorker.java:128)
at java.base/java.util.ArrayList.forEach(ArrayList.java:1511)
at org.testng.TestRunner.privateRun(TestRunner.java:806)
at org.testng.TestRunner.run(TestRunner.java:601)
at org.testng.SuiteRunner.runTest(SuiteRunner.java:433)
at org.testng.SuiteRunner.runSequentially(SuiteRunner.java:427)
at org.testng.SuiteRunner.privateRun(SuiteRunner.java:387)
at org.testng.SuiteRunner.run(SuiteRunner.java:330)
at org.testng.SuiteRunnerWorker.runSuite(SuiteRunnerWorker.java:52)
at org.testng.SuiteRunnerWorker.run(SuiteRunnerWorker.java:95)
at org.testng.TestNG.runSuitesSequentially(TestNG.java:1256)
at org.testng.TestNG.runSuitesLocally(TestNG.java:1176)
at org.testng.TestNG.runSuites(TestNG.java:1099)
at org.testng.TestNG.run(TestNG.java:1067)
at org.testng.remote.AbstractRemoteTestNG.run(AbstractRemoteTestNG.java:115)
at org.testng.remote.RemoteTestNG.initAndRun(RemoteTestNG.java:251)
at org.testng.remote.RemoteTestNG.main(RemoteTestNG.java:77)
]]>
            </full-stacktrace>
          </exception> <!-- org.openqa.selenium.StaleElementReferenceException -->
          <reporter-output>
          </reporter-output>
        </test-method> <!-- DisplayedUserName -->
        <test-method is-config="true" signature="setup()[pri:0, instance:com.example.ridmikchat_pom.ProfileEditTest@415156bf]" started-at="2022-08-02T16:36:53 BDT" name="setup" finished-at="2022-08-02T16:36:53 BDT" duration-ms="2" status="PASS">
          <reporter-output>
          </reporter-output>
        </test-method> <!-- setup -->
        <test-method signature="profileEditBtnTest()[pri:3, instance:com.example.ridmikchat_pom.ProfileEditTest@415156bf]" started-at="2022-08-02T16:36:53 BDT" name="profileEditBtnTest" finished-at="2022-08-02T16:36:53 BDT" duration-ms="210" status="PASS">
          <reporter-output>
          </reporter-output>
        </test-method> <!-- profileEditBtnTest -->
        <test-method is-config="true" signature="setup()[pri:0, instance:com.example.ridmikchat_pom.ProfileEditTest@415156bf]" started-at="2022-08-02T16:36:53 BDT" name="setup" finished-at="2022-08-02T16:36:53 BDT" duration-ms="1" status="PASS">
          <reporter-output>
          </reporter-output>
        </test-method> <!-- setup -->
        <test-method signature="workLabelTest()[pri:4, instance:com.example.ridmikchat_pom.ProfileEditTest@415156bf]" started-at="2022-08-02T16:36:53 BDT" name="workLabelTest" finished-at="2022-08-02T16:36:55 BDT" duration-ms="1491" status="PASS">
          <reporter-output>
          </reporter-output>
        </test-method> <!-- workLabelTest -->
        <test-method is-config="true" signature="setup()[pri:0, instance:com.example.ridmikchat_pom.ProfileEditTest@415156bf]" started-at="2022-08-02T16:36:55 BDT" name="setup" finished-at="2022-08-02T16:36:55 BDT" duration-ms="3" status="PASS">
          <reporter-output>
          </reporter-output>
        </test-method> <!-- setup -->
        <test-method signature="workInputTest()[pri:5, instance:com.example.ridmikchat_pom.ProfileEditTest@415156bf]" started-at="2022-08-02T16:36:55 BDT" name="workInputTest" finished-at="2022-08-02T16:36:59 BDT" duration-ms="4644" status="PASS">
          <reporter-output>
          </reporter-output>
        </test-method> <!-- workInputTest -->
        <test-method is-config="true" signature="setup()[pri:0, instance:com.example.ridmikchat_pom.ProfileEditTest@415156bf]" started-at="2022-08-02T16:36:59 BDT" name="setup" finished-at="2022-08-02T16:36:59 BDT" duration-ms="1" status="PASS">
          <reporter-output>
          </reporter-output>
        </test-method> <!-- setup -->
        <test-method signature="EduLabelTest()[pri:6, instance:com.example.ridmikchat_pom.ProfileEditTest@415156bf]" started-at="2022-08-02T16:36:59 BDT" name="EduLabelTest" finished-at="2022-08-02T16:37:00 BDT" duration-ms="1155" status="PASS">
          <reporter-output>
          </reporter-output>
        </test-method> <!-- EduLabelTest -->
        <test-method is-config="true" signature="setup()[pri:0, instance:com.example.ridmikchat_pom.ProfileEditTest@415156bf]" started-at="2022-08-02T16:37:00 BDT" name="setup" finished-at="2022-08-02T16:37:00 BDT" duration-ms="2" status="PASS">
          <reporter-output>
          </reporter-output>
        </test-method> <!-- setup -->
        <test-method signature="EduInputTest()[pri:7, instance:com.example.ridmikchat_pom.ProfileEditTest@415156bf]" started-at="2022-08-02T16:37:00 BDT" name="EduInputTest" finished-at="2022-08-02T16:37:05 BDT" duration-ms="4570" status="PASS">
          <reporter-output>
          </reporter-output>
        </test-method> <!-- EduInputTest -->
        <test-method is-config="true" signature="setup()[pri:0, instance:com.example.ridmikchat_pom.ProfileEditTest@415156bf]" started-at="2022-08-02T16:37:05 BDT" name="setup" finished-at="2022-08-02T16:37:05 BDT" duration-ms="3" status="PASS">
          <reporter-output>
          </reporter-output>
        </test-method> <!-- setup -->
        <test-method signature="LivingInLabelTest()[pri:8, instance:com.example.ridmikchat_pom.ProfileEditTest@415156bf]" started-at="2022-08-02T16:37:05 BDT" name="LivingInLabelTest" finished-at="2022-08-02T16:37:06 BDT" duration-ms="1209" status="PASS">
          <reporter-output>
          </reporter-output>
        </test-method> <!-- LivingInLabelTest -->
        <test-method is-config="true" signature="setup()[pri:0, instance:com.example.ridmikchat_pom.ProfileEditTest@415156bf]" started-at="2022-08-02T16:37:06 BDT" name="setup" finished-at="2022-08-02T16:37:06 BDT" duration-ms="4" status="PASS">
          <reporter-output>
          </reporter-output>
        </test-method> <!-- setup -->
        <test-method signature="LivingInputTest()[pri:9, instance:com.example.ridmikchat_pom.ProfileEditTest@415156bf]" started-at="2022-08-02T16:37:06 BDT" name="LivingInputTest" finished-at="2022-08-02T16:37:11 BDT" duration-ms="4597" status="PASS">
          <reporter-output>
          </reporter-output>
        </test-method> <!-- LivingInputTest -->
        <test-method is-config="true" signature="setup()[pri:0, instance:com.example.ridmikchat_pom.ProfileEditTest@415156bf]" started-at="2022-08-02T16:37:11 BDT" name="setup" finished-at="2022-08-02T16:37:11 BDT" duration-ms="3" status="PASS">
          <reporter-output>
          </reporter-output>
        </test-method> <!-- setup -->
        <test-method signature="AboutLabelTest()[pri:10, instance:com.example.ridmikchat_pom.ProfileEditTest@415156bf]" started-at="2022-08-02T16:37:11 BDT" name="AboutLabelTest" finished-at="2022-08-02T16:37:12 BDT" duration-ms="1174" status="PASS">
          <reporter-output>
          </reporter-output>
        </test-method> <!-- AboutLabelTest -->
        <test-method is-config="true" signature="setup()[pri:0, instance:com.example.ridmikchat_pom.ProfileEditTest@415156bf]" started-at="2022-08-02T16:37:12 BDT" name="setup" finished-at="2022-08-02T16:37:12 BDT" duration-ms="1" status="PASS">
          <reporter-output>
          </reporter-output>
        </test-method> <!-- setup -->
        <test-method signature="AboutYouInputTest()[pri:11, instance:com.example.ridmikchat_pom.ProfileEditTest@415156bf]" started-at="2022-08-02T16:37:12 BDT" name="AboutYouInputTest" finished-at="2022-08-02T16:37:16 BDT" duration-ms="4308" status="PASS">
          <reporter-output>
          </reporter-output>
        </test-method> <!-- AboutYouInputTest -->
        <test-method is-config="true" signature="teardown()[pri:0, instance:com.example.ridmikchat_pom.ProfileEditTest@415156bf]" started-at="2022-08-02T16:37:33 BDT" name="teardown" finished-at="2022-08-02T16:37:33 BDT" duration-ms="0" status="PASS">
          <reporter-output>
          </reporter-output>
        </test-method> <!-- teardown -->
      </class> <!-- com.example.ridmikchat_pom.ProfileEditTest -->
    </test> <!-- Test -->
  </suite> <!-- Suite -->
</testng-results>
